{"/home/travis/build/npmtest/node-npmtest-portfinder/test.js":{"path":"/home/travis/build/npmtest/node-npmtest-portfinder/test.js","s":{"1":2,"2":2,"3":2,"4":2,"5":2,"6":2,"7":2,"8":1,"9":2,"10":2,"11":1,"12":1,"13":1,"14":1,"15":2,"16":2,"17":2,"18":2,"19":1,"20":1,"21":2,"22":2,"23":2,"24":1,"25":1,"26":1,"27":1,"28":1,"29":1,"30":1,"31":1,"32":1,"33":1,"34":1,"35":1,"36":1,"37":1,"38":1,"39":2,"40":2,"41":1,"42":2,"43":2,"44":1,"45":2,"46":2,"47":1,"48":2,"49":2,"50":1,"51":1,"52":1,"53":1,"54":1},"b":{"1":[2,1,1,1],"2":[1,1,1,1],"3":[1,1],"4":[1,1],"5":[1,1],"6":[1,1],"7":[1,1],"8":[1,1],"9":[1,1],"10":[1,1,1],"11":[1,1],"12":[1,1],"13":[1,1],"14":[1,1],"15":[1,1],"16":[1,1],"17":[1,1]},"f":{"1":2,"2":2,"3":2,"4":2,"5":2,"6":1,"7":1,"8":1,"9":2,"10":2,"11":2,"12":2,"13":1},"fnMap":{"1":{"name":"(anonymous_1)","line":12,"loc":{"start":{"line":12,"column":1},"end":{"line":12,"column":13}}},"2":{"name":"(anonymous_2)","line":19,"loc":{"start":{"line":19,"column":5},"end":{"line":19,"column":17}}},"3":{"name":"(anonymous_3)","line":23,"loc":{"start":{"line":23,"column":24},"end":{"line":23,"column":36}}},"4":{"name":"(anonymous_4)","line":61,"loc":{"start":{"line":61,"column":5},"end":{"line":61,"column":17}}},"5":{"name":"(anonymous_5)","line":82,"loc":{"start":{"line":82,"column":5},"end":{"line":82,"column":17}}},"6":{"name":"(anonymous_6)","line":91,"loc":{"start":{"line":91,"column":77},"end":{"line":94,"column":10}}},"7":{"name":"(anonymous_7)","line":112,"loc":{"start":{"line":112,"column":83},"end":{"line":115,"column":10}},"skip":true},"8":{"name":"(anonymous_8)","line":123,"loc":{"start":{"line":123,"column":77},"end":{"line":126,"column":10}},"skip":true},"9":{"name":"(anonymous_9)","line":139,"loc":{"start":{"line":139,"column":12},"end":{"line":139,"column":40}},"skip":true},"10":{"name":"(anonymous_10)","line":147,"loc":{"start":{"line":147,"column":77},"end":{"line":150,"column":10}},"skip":true},"11":{"name":"(anonymous_11)","line":158,"loc":{"start":{"line":158,"column":83},"end":{"line":161,"column":10}},"skip":true},"12":{"name":"(anonymous_12)","line":169,"loc":{"start":{"line":169,"column":79},"end":{"line":172,"column":10}},"skip":true},"13":{"name":"(anonymous_13)","line":180,"loc":{"start":{"line":180,"column":75},"end":{"line":183,"column":10}},"skip":true}},"statementMap":{"1":{"start":{"line":12,"column":0},"end":{"line":195,"column":5}},"2":{"start":{"line":14,"column":4},"end":{"line":14,"column":14}},"3":{"start":{"line":19,"column":4},"end":{"line":56,"column":9}},"4":{"start":{"line":21,"column":8},"end":{"line":21,"column":19}},"5":{"start":{"line":23,"column":8},"end":{"line":35,"column":13}},"6":{"start":{"line":24,"column":12},"end":{"line":34,"column":13}},"7":{"start":{"line":25,"column":16},"end":{"line":28,"column":30}},"8":{"start":{"line":30,"column":16},"end":{"line":33,"column":27}},"9":{"start":{"line":37,"column":8},"end":{"line":39,"column":21}},"10":{"start":{"line":40,"column":8},"end":{"line":53,"column":9}},"11":{"start":{"line":43,"column":12},"end":{"line":46,"column":14}},"12":{"start":{"line":47,"column":12},"end":{"line":47,"column":18}},"13":{"start":{"line":50,"column":12},"end":{"line":51,"column":33}},"14":{"start":{"line":52,"column":12},"end":{"line":52,"column":18}},"15":{"start":{"line":55,"column":8},"end":{"line":55,"column":35}},"16":{"start":{"line":61,"column":4},"end":{"line":63,"column":9}},"17":{"start":{"line":62,"column":8},"end":{"line":62,"column":15}},"18":{"start":{"line":64,"column":4},"end":{"line":77,"column":5}},"19":{"start":{"line":70,"column":8},"end":{"line":70,"column":14}},"20":{"start":{"line":76,"column":8},"end":{"line":76,"column":14}},"21":{"start":{"line":82,"column":4},"end":{"line":84,"column":9}},"22":{"start":{"line":83,"column":8},"end":{"line":83,"column":15}},"23":{"start":{"line":85,"column":4},"end":{"line":194,"column":5}},"24":{"start":{"line":91,"column":8},"end":{"line":99,"column":10}},"25":{"start":{"line":98,"column":12},"end":{"line":98,"column":35}},"26":{"start":{"line":102,"column":8},"end":{"line":104,"column":63}},"27":{"start":{"line":105,"column":8},"end":{"line":105,"column":14}},"28":{"start":{"line":112,"column":8},"end":{"line":121,"column":10},"skip":true},"29":{"start":{"line":119,"column":12},"end":{"line":119,"column":55},"skip":true},"30":{"start":{"line":120,"column":12},"end":{"line":120,"column":48},"skip":true},"31":{"start":{"line":123,"column":8},"end":{"line":136,"column":10},"skip":true},"32":{"start":{"line":130,"column":12},"end":{"line":130,"column":76},"skip":true},"33":{"start":{"line":131,"column":12},"end":{"line":131,"column":73},"skip":true},"34":{"start":{"line":132,"column":12},"end":{"line":132,"column":74},"skip":true},"35":{"start":{"line":133,"column":12},"end":{"line":133,"column":79},"skip":true},"36":{"start":{"line":134,"column":12},"end":{"line":134,"column":25},"skip":true},"37":{"start":{"line":135,"column":12},"end":{"line":135,"column":45},"skip":true},"38":{"start":{"line":138,"column":8},"end":{"line":145,"column":14},"skip":true},"39":{"start":{"line":143,"column":16},"end":{"line":143,"column":29},"skip":true},"40":{"start":{"line":144,"column":16},"end":{"line":144,"column":55},"skip":true},"41":{"start":{"line":147,"column":8},"end":{"line":156,"column":10},"skip":true},"42":{"start":{"line":154,"column":12},"end":{"line":154,"column":25},"skip":true},"43":{"start":{"line":155,"column":12},"end":{"line":155,"column":45},"skip":true},"44":{"start":{"line":158,"column":8},"end":{"line":167,"column":10},"skip":true},"45":{"start":{"line":165,"column":12},"end":{"line":165,"column":25},"skip":true},"46":{"start":{"line":166,"column":12},"end":{"line":166,"column":48},"skip":true},"47":{"start":{"line":169,"column":8},"end":{"line":178,"column":10},"skip":true},"48":{"start":{"line":176,"column":12},"end":{"line":176,"column":25},"skip":true},"49":{"start":{"line":177,"column":12},"end":{"line":177,"column":46},"skip":true},"50":{"start":{"line":180,"column":8},"end":{"line":189,"column":10},"skip":true},"51":{"start":{"line":187,"column":12},"end":{"line":187,"column":94},"skip":true},"52":{"start":{"line":188,"column":12},"end":{"line":188,"column":48},"skip":true},"53":{"start":{"line":192,"column":8},"end":{"line":192,"column":35},"skip":true},"54":{"start":{"line":193,"column":8},"end":{"line":193,"column":14},"skip":true}},"branchMap":{"1":{"line":25,"type":"binary-expr","locations":[{"start":{"line":25,"column":23},"end":{"line":25,"column":62}},{"start":{"line":26,"column":20},"end":{"line":26,"column":70}},{"start":{"line":27,"column":20},"end":{"line":27,"column":71}},{"start":{"line":28,"column":20},"end":{"line":28,"column":29}}]},"2":{"line":30,"type":"binary-expr","locations":[{"start":{"line":30,"column":23},"end":{"line":30,"column":37}},{"start":{"line":31,"column":20},"end":{"line":31,"column":61}},{"start":{"line":32,"column":20},"end":{"line":32,"column":70}},{"start":{"line":33,"column":20},"end":{"line":33,"column":26}}]},"3":{"line":37,"type":"cond-expr","locations":[{"start":{"line":38,"column":14},"end":{"line":38,"column":20}},{"start":{"line":39,"column":14},"end":{"line":39,"column":20}}]},"4":{"line":40,"type":"switch","locations":[{"start":{"line":42,"column":8},"end":{"line":47,"column":18}},{"start":{"line":49,"column":8},"end":{"line":52,"column":18}}]},"5":{"line":44,"type":"binary-expr","locations":[{"start":{"line":44,"column":16},"end":{"line":44,"column":44}},{"start":{"line":44,"column":48},"end":{"line":44,"column":66}}]},"6":{"line":50,"type":"binary-expr","locations":[{"start":{"line":50,"column":21},"end":{"line":50,"column":49}},{"start":{"line":50,"column":53},"end":{"line":50,"column":72}}]},"7":{"line":64,"type":"switch","locations":[{"start":{"line":69,"column":4},"end":{"line":70,"column":14}},{"start":{"line":75,"column":4},"end":{"line":76,"column":14}}]},"8":{"line":85,"type":"switch","locations":[{"start":{"line":90,"column":4},"end":{"line":105,"column":14}},{"start":{"line":111,"column":4},"end":{"line":193,"column":14},"skip":true}]},"9":{"line":91,"type":"binary-expr","locations":[{"start":{"line":91,"column":42},"end":{"line":91,"column":73}},{"start":{"line":91,"column":77},"end":{"line":99,"column":9}}]},"10":{"line":102,"type":"binary-expr","locations":[{"start":{"line":102,"column":18},"end":{"line":102,"column":32}},{"start":{"line":103,"column":12},"end":{"line":103,"column":53}},{"start":{"line":104,"column":12},"end":{"line":104,"column":61}}]},"11":{"line":112,"type":"binary-expr","locations":[{"start":{"line":112,"column":45},"end":{"line":112,"column":79},"skip":true},{"start":{"line":112,"column":83},"end":{"line":121,"column":9},"skip":true}]},"12":{"line":123,"type":"binary-expr","locations":[{"start":{"line":123,"column":42},"end":{"line":123,"column":73},"skip":true},{"start":{"line":123,"column":77},"end":{"line":136,"column":9},"skip":true}]},"13":{"line":138,"type":"binary-expr","locations":[{"start":{"line":138,"column":48},"end":{"line":138,"column":85},"skip":true},{"start":{"line":139,"column":12},"end":{"line":145,"column":13},"skip":true}]},"14":{"line":147,"type":"binary-expr","locations":[{"start":{"line":147,"column":42},"end":{"line":147,"column":73},"skip":true},{"start":{"line":147,"column":77},"end":{"line":156,"column":9},"skip":true}]},"15":{"line":158,"type":"binary-expr","locations":[{"start":{"line":158,"column":45},"end":{"line":158,"column":79},"skip":true},{"start":{"line":158,"column":83},"end":{"line":167,"column":9},"skip":true}]},"16":{"line":169,"type":"binary-expr","locations":[{"start":{"line":169,"column":43},"end":{"line":169,"column":75},"skip":true},{"start":{"line":169,"column":79},"end":{"line":178,"column":9},"skip":true}]},"17":{"line":180,"type":"binary-expr","locations":[{"start":{"line":180,"column":41},"end":{"line":180,"column":71},"skip":true},{"start":{"line":180,"column":75},"end":{"line":189,"column":9},"skip":true}]}},"code":["/* istanbul instrument in package npmtest_portfinder */","/*jslint","    bitwise: true,","    browser: true,","    maxerr: 8,","    maxlen: 96,","    node: true,","    nomen: true,","    regexp: true,","    stupid: true","*/","(function () {","    'use strict';","    var local;","","","","    // run shared js-env code - init-before","    (function () {","        // init local","        local = {};","        // init modeJs","        local.modeJs = (function () {","            try {","                return typeof navigator.userAgent === 'string' &&","                    typeof document.querySelector('body') === 'object' &&","                    typeof XMLHttpRequest.prototype.open === 'function' &&","                    'browser';","            } catch (errorCaughtBrowser) {","                return module.exports &&","                    typeof process.versions.node === 'string' &&","                    typeof require('http').createServer === 'function' &&","                    'node';","            }","        }());","        // init global","        local.global = local.modeJs === 'browser'","            ? window","            : global;","        switch (local.modeJs) {","        // re-init local from window.local","        case 'browser':","            local = local.global.utility2.objectSetDefault(","                local.global.utility2_rollup || local.global.local,","                local.global.utility2","            );","            break;","        // re-init local from example.js","        case 'node':","            local = (local.global.utility2_rollup || require('utility2'))","                .requireReadme();","            break;","        }","        // export local","        local.global.local = local;","    }());","","","","    // run shared js-env code - function","    (function () {","        return;","    }());","    switch (local.modeJs) {","","","","    // run browser js-env code - function","    case 'browser':","        break;","","","","    // run node js-env code - function","    case 'node':","        break;","    }","","","","    // run shared js-env code - init-after","    (function () {","        return;","    }());","    switch (local.modeJs) {","","","","    // run browser js-env code - init-after","    case 'browser':","        local.testCase_browser_nullCase = local.testCase_browser_nullCase || function (","            options,","            onError","        ) {","        /*","         * this function will test browsers's null-case handling-behavior-behavior","         */","            onError(null, options);","        };","","        // run tests","        local.nop(local.modeTest &&","            document.querySelector('#testRunButton1') &&","            document.querySelector('#testRunButton1').click());","        break;","","","","    // run node js-env code - init-after","    /* istanbul ignore next */","    case 'node':","        local.testCase_buildApidoc_default = local.testCase_buildApidoc_default || function (","            options,","            onError","        ) {","        /*","         * this function will test buildApidoc's default handling-behavior-behavior","         */","            options = { modulePathList: module.paths };","            local.buildApidoc(options, onError);","        };","","        local.testCase_buildApp_default = local.testCase_buildApp_default || function (","            options,","            onError","        ) {","        /*","         * this function will test buildApp's default handling-behavior-behavior","         */","            local.testCase_buildReadme_default(options, local.onErrorThrow);","            local.testCase_buildLib_default(options, local.onErrorThrow);","            local.testCase_buildTest_default(options, local.onErrorThrow);","            local.testCase_buildCustomOrg_default(options, local.onErrorThrow);","            options = [];","            local.buildApp(options, onError);","        };","","        local.testCase_buildCustomOrg_default = local.testCase_buildCustomOrg_default ||","            function (options, onError) {","            /*","             * this function will test buildCustomOrg's default handling-behavior","             */","                options = {};","                local.buildCustomOrg(options, onError);","            };","","        local.testCase_buildLib_default = local.testCase_buildLib_default || function (","            options,","            onError","        ) {","        /*","         * this function will test buildLib's default handling-behavior","         */","            options = {};","            local.buildLib(options, onError);","        };","","        local.testCase_buildReadme_default = local.testCase_buildReadme_default || function (","            options,","            onError","        ) {","        /*","         * this function will test buildReadme's default handling-behavior-behavior","         */","            options = {};","            local.buildReadme(options, onError);","        };","","        local.testCase_buildTest_default = local.testCase_buildTest_default || function (","            options,","            onError","        ) {","        /*","         * this function will test buildTest's default handling-behavior","         */","            options = {};","            local.buildTest(options, onError);","        };","","        local.testCase_webpage_default = local.testCase_webpage_default || function (","            options,","            onError","        ) {","        /*","         * this function will test webpage's default handling-behavior","         */","            options = { modeCoverageMerge: true, url: local.serverLocalHost + '?modeTest=1' };","            local.browserTest(options, onError);","        };","","        // run test-server","        local.testRunServer(local);","        break;","    }","}());",""],"l":{"12":2,"14":2,"19":2,"21":2,"23":2,"24":2,"25":2,"30":1,"37":2,"40":2,"43":1,"47":1,"50":1,"52":1,"55":2,"61":2,"62":2,"64":2,"70":1,"76":1,"82":2,"83":2,"85":2,"91":1,"98":1,"102":1,"105":1,"112":1,"119":1,"120":1,"123":1,"130":1,"131":1,"132":1,"133":1,"134":1,"135":1,"138":1,"143":2,"144":2,"147":1,"154":2,"155":2,"158":1,"165":2,"166":2,"169":1,"176":2,"177":2,"180":1,"187":1,"188":1,"192":1,"193":1}},"/home/travis/build/npmtest/node-npmtest-portfinder/lib.npmtest_portfinder.js":{"path":"/home/travis/build/npmtest/node-npmtest-portfinder/lib.npmtest_portfinder.js","s":{"1":2,"2":2,"3":2,"4":2,"5":2,"6":2,"7":2,"8":1,"9":2,"10":2,"11":2,"12":2,"13":1,"14":1,"15":1,"16":1},"b":{"1":[2,1,1,1],"2":[1,1,1,1],"3":[1,1],"4":[2,2],"5":[1,1]},"f":{"1":2,"2":2,"3":2},"fnMap":{"1":{"name":"(anonymous_1)","line":12,"loc":{"start":{"line":12,"column":1},"end":{"line":12,"column":13}}},"2":{"name":"(anonymous_2)","line":19,"loc":{"start":{"line":19,"column":5},"end":{"line":19,"column":17}}},"3":{"name":"(anonymous_3)","line":23,"loc":{"start":{"line":23,"column":24},"end":{"line":23,"column":36}}}},"statementMap":{"1":{"start":{"line":12,"column":0},"end":{"line":53,"column":5}},"2":{"start":{"line":14,"column":4},"end":{"line":14,"column":14}},"3":{"start":{"line":19,"column":4},"end":{"line":52,"column":9}},"4":{"start":{"line":21,"column":8},"end":{"line":21,"column":19}},"5":{"start":{"line":23,"column":8},"end":{"line":35,"column":13}},"6":{"start":{"line":24,"column":12},"end":{"line":34,"column":13}},"7":{"start":{"line":25,"column":16},"end":{"line":28,"column":30}},"8":{"start":{"line":30,"column":16},"end":{"line":33,"column":27}},"9":{"start":{"line":37,"column":8},"end":{"line":39,"column":21}},"10":{"start":{"line":41,"column":8},"end":{"line":41,"column":54}},"11":{"start":{"line":43,"column":8},"end":{"line":43,"column":55}},"12":{"start":{"line":45,"column":8},"end":{"line":51,"column":9}},"13":{"start":{"line":46,"column":12},"end":{"line":46,"column":61}},"14":{"start":{"line":48,"column":12},"end":{"line":48,"column":35}},"15":{"start":{"line":49,"column":12},"end":{"line":49,"column":49}},"16":{"start":{"line":50,"column":12},"end":{"line":50,"column":43}}},"branchMap":{"1":{"line":25,"type":"binary-expr","locations":[{"start":{"line":25,"column":23},"end":{"line":25,"column":62}},{"start":{"line":26,"column":20},"end":{"line":26,"column":70}},{"start":{"line":27,"column":20},"end":{"line":27,"column":71}},{"start":{"line":28,"column":20},"end":{"line":28,"column":29}}]},"2":{"line":30,"type":"binary-expr","locations":[{"start":{"line":30,"column":23},"end":{"line":30,"column":37}},{"start":{"line":31,"column":20},"end":{"line":31,"column":61}},{"start":{"line":32,"column":20},"end":{"line":32,"column":70}},{"start":{"line":33,"column":20},"end":{"line":33,"column":26}}]},"3":{"line":37,"type":"cond-expr","locations":[{"start":{"line":38,"column":14},"end":{"line":38,"column":20}},{"start":{"line":39,"column":14},"end":{"line":39,"column":20}}]},"4":{"line":41,"type":"binary-expr","locations":[{"start":{"line":41,"column":16},"end":{"line":41,"column":44}},{"start":{"line":41,"column":48},"end":{"line":41,"column":53}}]},"5":{"line":45,"type":"if","locations":[{"start":{"line":45,"column":8},"end":{"line":45,"column":8}},{"start":{"line":45,"column":8},"end":{"line":45,"column":8}}]}},"code":["/* istanbul instrument in package npmtest_portfinder */","/*jslint","    bitwise: true,","    browser: true,","    maxerr: 8,","    maxlen: 96,","    node: true,","    nomen: true,","    regexp: true,","    stupid: true","*/","(function () {","    'use strict';","    var local;","","","","    // run shared js-env code - init-before","    (function () {","        // init local","        local = {};","        // init modeJs","        local.modeJs = (function () {","            try {","                return typeof navigator.userAgent === 'string' &&","                    typeof document.querySelector('body') === 'object' &&","                    typeof XMLHttpRequest.prototype.open === 'function' &&","                    'browser';","            } catch (errorCaughtBrowser) {","                return module.exports &&","                    typeof process.versions.node === 'string' &&","                    typeof require('http').createServer === 'function' &&","                    'node';","            }","        }());","        // init global","        local.global = local.modeJs === 'browser'","            ? window","            : global;","        // init utility2_rollup","        local = local.global.utility2_rollup || local;","        // init lib","        local.local = local.npmtest_portfinder = local;","        // init exports","        if (local.modeJs === 'browser') {","            local.global.utility2_npmtest_portfinder = local;","        } else {","            module.exports = local;","            module.exports.__dirname = __dirname;","            module.exports.module = module;","        }","    }());","}());",""],"l":{"12":2,"14":2,"19":2,"21":2,"23":2,"24":2,"25":2,"30":1,"37":2,"41":2,"43":2,"45":2,"46":1,"48":1,"49":1,"50":1}},"/home/travis/build/npmtest/node-npmtest-portfinder/example.js":{"path":"/home/travis/build/npmtest/node-npmtest-portfinder/example.js","s":{"1":2,"2":2,"3":2,"4":2,"5":2,"6":2,"7":2,"8":1,"9":2,"10":2,"11":2,"12":2,"13":1,"14":2,"15":2,"16":2,"17":2,"18":2,"19":0,"20":2,"21":1,"22":1,"23":1,"24":1,"25":1,"26":0,"27":0,"28":1,"29":1,"30":2,"31":0,"32":0,"33":0,"34":1,"35":2,"36":2,"37":3,"38":3,"39":3,"40":3,"41":0,"42":3,"43":3,"44":3,"45":1,"46":3,"47":1,"48":1,"49":1,"50":1,"51":1,"52":1,"53":1,"54":1,"55":1,"56":1,"57":0,"58":1,"59":6,"60":6,"61":1,"62":2,"63":0,"64":2,"65":1,"66":1,"67":0,"68":0,"69":0,"70":0,"71":0,"72":0,"73":0,"74":0,"75":0,"76":0,"77":0,"78":0,"79":0,"80":0,"81":0,"82":0,"83":0},"b":{"1":[2,1,1,1],"2":[1,1,1,1],"3":[1,1],"4":[2,2],"5":[1,1],"6":[1,1],"7":[2,0],"8":[2,1,1,1,1,1],"9":[0,2,0],"10":[1,1],"11":[2,1,1],"12":[1,0],"13":[0,2],"14":[2,0,0,0,0,0,0],"15":[0,3],"16":[3,0],"17":[1,1],"18":[0,1],"19":[1,2,0,2],"20":[1,0],"21":[1,1],"22":[0,0],"23":[0,0],"24":[0,0],"25":[0,0],"26":[0,0],"27":[0,0],"28":[0,0]},"f":{"1":2,"2":2,"3":2,"4":2,"5":2,"6":2,"7":3,"8":3,"9":3,"10":1,"11":6,"12":0},"fnMap":{"1":{"name":"(anonymous_1)","line":26,"loc":{"start":{"line":26,"column":1},"end":{"line":26,"column":13}}},"2":{"name":"(anonymous_2)","line":33,"loc":{"start":{"line":33,"column":5},"end":{"line":33,"column":17}}},"3":{"name":"(anonymous_3)","line":37,"loc":{"start":{"line":37,"column":24},"end":{"line":37,"column":36}}},"4":{"name":"(anonymous_4)","line":69,"loc":{"start":{"line":69,"column":31},"end":{"line":69,"column":48}},"skip":true},"5":{"name":"(anonymous_5)","line":78,"loc":{"start":{"line":78,"column":26},"end":{"line":78,"column":45}},"skip":true},"6":{"name":"(anonymous_6)","line":123,"loc":{"start":{"line":123,"column":33},"end":{"line":123,"column":48}},"skip":true},"7":{"name":"(anonymous_7)","line":125,"loc":{"start":{"line":125,"column":27},"end":{"line":125,"column":39}},"skip":true},"8":{"name":"(anonymous_8)","line":133,"loc":{"start":{"line":133,"column":59},"end":{"line":133,"column":74}},"skip":true},"9":{"name":"(anonymous_9)","line":143,"loc":{"start":{"line":143,"column":45},"end":{"line":143,"column":62}},"skip":true},"10":{"name":"(anonymous_10)","line":144,"loc":{"start":{"line":144,"column":73},"end":{"line":144,"column":92}},"skip":true},"11":{"name":"(anonymous_11)","line":272,"loc":{"start":{"line":272,"column":51},"end":{"line":272,"column":77}},"skip":true},"12":{"name":"(anonymous_12)","line":315,"loc":{"start":{"line":315,"column":32},"end":{"line":315,"column":61}},"skip":true}},"statementMap":{"1":{"start":{"line":26,"column":0},"end":{"line":326,"column":5}},"2":{"start":{"line":28,"column":4},"end":{"line":28,"column":14}},"3":{"start":{"line":33,"column":4},"end":{"line":60,"column":9}},"4":{"start":{"line":35,"column":8},"end":{"line":35,"column":19}},"5":{"start":{"line":37,"column":8},"end":{"line":49,"column":13}},"6":{"start":{"line":38,"column":12},"end":{"line":48,"column":13}},"7":{"start":{"line":39,"column":16},"end":{"line":42,"column":30}},"8":{"start":{"line":44,"column":16},"end":{"line":47,"column":27}},"9":{"start":{"line":51,"column":8},"end":{"line":53,"column":21}},"10":{"start":{"line":55,"column":8},"end":{"line":57,"column":45}},"11":{"start":{"line":59,"column":8},"end":{"line":59,"column":35}},"12":{"start":{"line":61,"column":4},"end":{"line":325,"column":5}},"13":{"start":{"line":69,"column":8},"end":{"line":121,"column":10},"skip":true},"14":{"start":{"line":70,"column":12},"end":{"line":88,"column":13},"skip":true},"15":{"start":{"line":76,"column":16},"end":{"line":87,"column":19},"skip":true},"16":{"start":{"line":79,"column":20},"end":{"line":86,"column":21},"skip":true},"17":{"start":{"line":82,"column":24},"end":{"line":82,"column":43},"skip":true},"18":{"start":{"line":83,"column":24},"end":{"line":83,"column":30},"skip":true},"19":{"start":{"line":85,"column":24},"end":{"line":85,"column":49},"skip":true},"20":{"start":{"line":89,"column":12},"end":{"line":107,"column":13},"skip":true},"21":{"start":{"line":92,"column":16},"end":{"line":102,"column":17},"skip":true},"22":{"start":{"line":93,"column":20},"end":{"line":93,"column":86},"skip":true},"23":{"start":{"line":94,"column":20},"end":{"line":95,"column":45},"skip":true},"24":{"start":{"line":96,"column":20},"end":{"line":96,"column":42},"skip":true},"25":{"start":{"line":97,"column":20},"end":{"line":97,"column":48},"skip":true},"26":{"start":{"line":100,"column":20},"end":{"line":100,"column":85},"skip":true},"27":{"start":{"line":101,"column":20},"end":{"line":101,"column":96},"skip":true},"28":{"start":{"line":103,"column":16},"end":{"line":103,"column":22},"skip":true},"29":{"start":{"line":106,"column":16},"end":{"line":106,"column":22},"skip":true},"30":{"start":{"line":108,"column":12},"end":{"line":120,"column":13},"skip":true},"31":{"start":{"line":114,"column":16},"end":{"line":119,"column":17},"skip":true},"32":{"start":{"line":116,"column":20},"end":{"line":116,"column":78},"skip":true},"33":{"start":{"line":118,"column":20},"end":{"line":118,"column":47},"skip":true},"34":{"start":{"line":123,"column":8},"end":{"line":141,"column":11},"skip":true},"35":{"start":{"line":124,"column":12},"end":{"line":124,"column":54},"skip":true},"36":{"start":{"line":125,"column":12},"end":{"line":140,"column":14},"skip":true},"37":{"start":{"line":126,"column":16},"end":{"line":126,"column":28},"skip":true},"38":{"start":{"line":127,"column":16},"end":{"line":127,"column":69},"skip":true},"39":{"start":{"line":128,"column":16},"end":{"line":128,"column":75},"skip":true},"40":{"start":{"line":129,"column":16},"end":{"line":131,"column":17},"skip":true},"41":{"start":{"line":130,"column":20},"end":{"line":130,"column":27},"skip":true},"42":{"start":{"line":133,"column":16},"end":{"line":137,"column":36},"skip":true},"43":{"start":{"line":134,"column":20},"end":{"line":136,"column":55},"skip":true},"44":{"start":{"line":139,"column":16},"end":{"line":139,"column":57},"skip":true},"45":{"start":{"line":143,"column":8},"end":{"line":147,"column":11},"skip":true},"46":{"start":{"line":144,"column":12},"end":{"line":146,"column":15},"skip":true},"47":{"start":{"line":145,"column":16},"end":{"line":145,"column":70},"skip":true},"48":{"start":{"line":149,"column":8},"end":{"line":149,"column":31},"skip":true},"49":{"start":{"line":150,"column":8},"end":{"line":150,"column":14},"skip":true},"50":{"start":{"line":158,"column":8},"end":{"line":158,"column":31},"skip":true},"51":{"start":{"line":160,"column":8},"end":{"line":160,"column":33},"skip":true},"52":{"start":{"line":161,"column":8},"end":{"line":161,"column":37},"skip":true},"53":{"start":{"line":162,"column":8},"end":{"line":162,"column":35},"skip":true},"54":{"start":{"line":164,"column":8},"end":{"line":164,"column":50},"skip":true},"55":{"start":{"line":166,"column":8},"end":{"line":256,"column":2},"skip":true},"56":{"start":{"line":258,"column":8},"end":{"line":286,"column":9},"skip":true},"57":{"start":{"line":259,"column":12},"end":{"line":269,"column":14},"skip":true},"58":{"start":{"line":271,"column":12},"end":{"line":285,"column":19},"skip":true},"59":{"start":{"line":274,"column":20},"end":{"line":274,"column":35},"skip":true},"60":{"start":{"line":275,"column":20},"end":{"line":284,"column":21},"skip":true},"61":{"start":{"line":277,"column":24},"end":{"line":277,"column":64},"skip":true},"62":{"start":{"line":279,"column":24},"end":{"line":279,"column":40},"skip":true},"63":{"start":{"line":281,"column":24},"end":{"line":281,"column":40},"skip":true},"64":{"start":{"line":283,"column":24},"end":{"line":283,"column":39},"skip":true},"65":{"start":{"line":288,"column":8},"end":{"line":290,"column":9},"skip":true},"66":{"start":{"line":289,"column":12},"end":{"line":289,"column":18},"skip":true},"67":{"start":{"line":291,"column":8},"end":{"line":293,"column":54},"skip":true},"68":{"start":{"line":296,"column":8},"end":{"line":301,"column":37},"skip":true},"69":{"start":{"line":303,"column":8},"end":{"line":303,"column":82},"skip":true},"70":{"start":{"line":306,"column":8},"end":{"line":308,"column":9},"skip":true},"71":{"start":{"line":307,"column":12},"end":{"line":307,"column":82},"skip":true},"72":{"start":{"line":310,"column":8},"end":{"line":312,"column":9},"skip":true},"73":{"start":{"line":311,"column":12},"end":{"line":311,"column":18},"skip":true},"74":{"start":{"line":313,"column":8},"end":{"line":313,"column":54},"skip":true},"75":{"start":{"line":314,"column":8},"end":{"line":314,"column":69},"skip":true},"76":{"start":{"line":315,"column":8},"end":{"line":323,"column":36},"skip":true},"77":{"start":{"line":316,"column":12},"end":{"line":316,"column":61},"skip":true},"78":{"start":{"line":317,"column":12},"end":{"line":320,"column":13},"skip":true},"79":{"start":{"line":318,"column":16},"end":{"line":318,"column":75},"skip":true},"80":{"start":{"line":319,"column":16},"end":{"line":319,"column":23},"skip":true},"81":{"start":{"line":321,"column":12},"end":{"line":321,"column":38},"skip":true},"82":{"start":{"line":322,"column":12},"end":{"line":322,"column":27},"skip":true},"83":{"start":{"line":324,"column":8},"end":{"line":324,"column":14},"skip":true}},"branchMap":{"1":{"line":39,"type":"binary-expr","locations":[{"start":{"line":39,"column":23},"end":{"line":39,"column":62}},{"start":{"line":40,"column":20},"end":{"line":40,"column":70}},{"start":{"line":41,"column":20},"end":{"line":41,"column":71}},{"start":{"line":42,"column":20},"end":{"line":42,"column":29}}]},"2":{"line":44,"type":"binary-expr","locations":[{"start":{"line":44,"column":23},"end":{"line":44,"column":37}},{"start":{"line":45,"column":20},"end":{"line":45,"column":61}},{"start":{"line":46,"column":20},"end":{"line":46,"column":70}},{"start":{"line":47,"column":20},"end":{"line":47,"column":26}}]},"3":{"line":51,"type":"cond-expr","locations":[{"start":{"line":52,"column":14},"end":{"line":52,"column":20}},{"start":{"line":53,"column":14},"end":{"line":53,"column":20}}]},"4":{"line":55,"type":"binary-expr","locations":[{"start":{"line":55,"column":16},"end":{"line":55,"column":44}},{"start":{"line":55,"column":49},"end":{"line":57,"column":43}}]},"5":{"line":55,"type":"cond-expr","locations":[{"start":{"line":56,"column":14},"end":{"line":56,"column":54}},{"start":{"line":57,"column":14},"end":{"line":57,"column":43}}]},"6":{"line":61,"type":"switch","locations":[{"start":{"line":68,"column":4},"end":{"line":150,"column":14},"skip":true},{"start":{"line":156,"column":4},"end":{"line":324,"column":14},"skip":true}]},"7":{"line":70,"type":"if","locations":[{"start":{"line":70,"column":12},"end":{"line":70,"column":12},"skip":true},{"start":{"line":70,"column":12},"end":{"line":70,"column":12},"skip":true}]},"8":{"line":70,"type":"binary-expr","locations":[{"start":{"line":70,"column":16},"end":{"line":70,"column":22},"skip":true},{"start":{"line":70,"column":27},"end":{"line":70,"column":32},"skip":true},{"start":{"line":71,"column":20},"end":{"line":71,"column":39},"skip":true},{"start":{"line":72,"column":20},"end":{"line":72,"column":49},"skip":true},{"start":{"line":73,"column":20},"end":{"line":73,"column":58},"skip":true},{"start":{"line":74,"column":20},"end":{"line":74,"column":69},"skip":true}]},"9":{"line":79,"type":"switch","locations":[{"start":{"line":80,"column":20},"end":{"line":80,"column":33},"skip":true},{"start":{"line":81,"column":20},"end":{"line":83,"column":30},"skip":true},{"start":{"line":84,"column":20},"end":{"line":85,"column":49},"skip":true}]},"10":{"line":89,"type":"switch","locations":[{"start":{"line":90,"column":12},"end":{"line":103,"column":22},"skip":true},{"start":{"line":105,"column":12},"end":{"line":106,"column":22},"skip":true}]},"11":{"line":89,"type":"binary-expr","locations":[{"start":{"line":89,"column":20},"end":{"line":89,"column":25},"skip":true},{"start":{"line":89,"column":29},"end":{"line":89,"column":48},"skip":true},{"start":{"line":89,"column":52},"end":{"line":89,"column":74},"skip":true}]},"12":{"line":92,"type":"if","locations":[{"start":{"line":92,"column":16},"end":{"line":92,"column":16},"skip":true},{"start":{"line":92,"column":16},"end":{"line":92,"column":16},"skip":true}]},"13":{"line":108,"type":"if","locations":[{"start":{"line":108,"column":12},"end":{"line":108,"column":12},"skip":true},{"start":{"line":108,"column":12},"end":{"line":108,"column":12},"skip":true}]},"14":{"line":108,"type":"binary-expr","locations":[{"start":{"line":108,"column":16},"end":{"line":108,"column":61},"skip":true},{"start":{"line":108,"column":66},"end":{"line":108,"column":72},"skip":true},{"start":{"line":108,"column":77},"end":{"line":108,"column":82},"skip":true},{"start":{"line":109,"column":20},"end":{"line":109,"column":39},"skip":true},{"start":{"line":110,"column":20},"end":{"line":110,"column":49},"skip":true},{"start":{"line":111,"column":20},"end":{"line":111,"column":58},"skip":true},{"start":{"line":112,"column":20},"end":{"line":112,"column":68},"skip":true}]},"15":{"line":129,"type":"if","locations":[{"start":{"line":129,"column":16},"end":{"line":129,"column":16},"skip":true},{"start":{"line":129,"column":16},"end":{"line":129,"column":16},"skip":true}]},"16":{"line":134,"type":"cond-expr","locations":[{"start":{"line":135,"column":26},"end":{"line":135,"column":29},"skip":true},{"start":{"line":136,"column":26},"end":{"line":136,"column":54},"skip":true}]},"17":{"line":164,"type":"binary-expr","locations":[{"start":{"line":164,"column":27},"end":{"line":164,"column":43},"skip":true},{"start":{"line":164,"column":47},"end":{"line":164,"column":49},"skip":true}]},"18":{"line":258,"type":"if","locations":[{"start":{"line":258,"column":8},"end":{"line":258,"column":8},"skip":true},{"start":{"line":258,"column":8},"end":{"line":258,"column":8},"skip":true}]},"19":{"line":275,"type":"switch","locations":[{"start":{"line":276,"column":20},"end":{"line":277,"column":64},"skip":true},{"start":{"line":278,"column":20},"end":{"line":279,"column":40},"skip":true},{"start":{"line":280,"column":20},"end":{"line":281,"column":40},"skip":true},{"start":{"line":282,"column":20},"end":{"line":283,"column":39},"skip":true}]},"20":{"line":288,"type":"if","locations":[{"start":{"line":288,"column":8},"end":{"line":288,"column":8},"skip":true},{"start":{"line":288,"column":8},"end":{"line":288,"column":8},"skip":true}]},"21":{"line":288,"type":"binary-expr","locations":[{"start":{"line":288,"column":12},"end":{"line":288,"column":40},"skip":true},{"start":{"line":288,"column":44},"end":{"line":288,"column":67},"skip":true}]},"22":{"line":292,"type":"binary-expr","locations":[{"start":{"line":292,"column":12},"end":{"line":292,"column":50},"skip":true},{"start":{"line":293,"column":12},"end":{"line":293,"column":53},"skip":true}]},"23":{"line":297,"type":"binary-expr","locations":[{"start":{"line":297,"column":12},"end":{"line":297,"column":68},"skip":true},{"start":{"line":298,"column":12},"end":{"line":301,"column":36},"skip":true}]},"24":{"line":303,"type":"binary-expr","locations":[{"start":{"line":303,"column":43},"end":{"line":303,"column":75},"skip":true},{"start":{"line":303,"column":79},"end":{"line":303,"column":81},"skip":true}]},"25":{"line":306,"type":"if","locations":[{"start":{"line":306,"column":8},"end":{"line":306,"column":8},"skip":true},{"start":{"line":306,"column":8},"end":{"line":306,"column":8},"skip":true}]},"26":{"line":310,"type":"if","locations":[{"start":{"line":310,"column":8},"end":{"line":310,"column":8},"skip":true},{"start":{"line":310,"column":8},"end":{"line":310,"column":8},"skip":true}]},"27":{"line":313,"type":"binary-expr","locations":[{"start":{"line":313,"column":27},"end":{"line":313,"column":43},"skip":true},{"start":{"line":313,"column":47},"end":{"line":313,"column":53},"skip":true}]},"28":{"line":317,"type":"if","locations":[{"start":{"line":317,"column":12},"end":{"line":317,"column":12},"skip":true},{"start":{"line":317,"column":12},"end":{"line":317,"column":12},"skip":true}]}},"code":["/*","example.js","","quickstart example","","instruction","    1. save this script as example.js","    2. run the shell command:","        $ npm install npmtest-portfinder && PORT=8081 node example.js","    3. play with the browser-demo on http://127.0.0.1:8081","*/","","","","/* istanbul instrument in package npmtest_portfinder */","/*jslint","    bitwise: true,","    browser: true,","    maxerr: 8,","    maxlen: 96,","    node: true,","    nomen: true,","    regexp: true,","    stupid: true","*/","(function () {","    'use strict';","    var local;","","","","    // run shared js-env code - init-before","    (function () {","        // init local","        local = {};","        // init modeJs","        local.modeJs = (function () {","            try {","                return typeof navigator.userAgent === 'string' &&","                    typeof document.querySelector('body') === 'object' &&","                    typeof XMLHttpRequest.prototype.open === 'function' &&","                    'browser';","            } catch (errorCaughtBrowser) {","                return module.exports &&","                    typeof process.versions.node === 'string' &&","                    typeof require('http').createServer === 'function' &&","                    'node';","            }","        }());","        // init global","        local.global = local.modeJs === 'browser'","            ? window","            : global;","        // init utility2_rollup","        local = local.global.utility2_rollup || (local.modeJs === 'browser'","            ? local.global.utility2_npmtest_portfinder","            : global.utility2_moduleExports);","        // export local","        local.global.local = local;","    }());","    switch (local.modeJs) {","","","","    // init-after","    // run browser js-env code - init-after","    /* istanbul ignore next */","    case 'browser':","        local.testRunBrowser = function (event) {","            if (!event || (event &&","                    event.currentTarget &&","                    event.currentTarget.className &&","                    event.currentTarget.className.includes &&","                    event.currentTarget.className.includes('onreset'))) {","                // reset output","                Array.from(","                    document.querySelectorAll('body > .resettable')","                ).forEach(function (element) {","                    switch (element.tagName) {","                    case 'INPUT':","                    case 'TEXTAREA':","                        element.value = '';","                        break;","                    default:","                        element.textContent = '';","                    }","                });","            }","            switch (event && event.currentTarget && event.currentTarget.id) {","            case 'testRunButton1':","                // show tests","                if (document.querySelector('#testReportDiv1').style.display === 'none') {","                    document.querySelector('#testReportDiv1').style.display = 'block';","                    document.querySelector('#testRunButton1').textContent =","                        'hide internal test';","                    local.modeTest = true;","                    local.testRunDefault(local);","                // hide tests","                } else {","                    document.querySelector('#testReportDiv1').style.display = 'none';","                    document.querySelector('#testRunButton1').textContent = 'run internal test';","                }","                break;","            // custom-case","            default:","                break;","            }","            if (document.querySelector('#inputTextareaEval1') && (!event || (event &&","                    event.currentTarget &&","                    event.currentTarget.className &&","                    event.currentTarget.className.includes &&","                    event.currentTarget.className.includes('oneval')))) {","                // try to eval input-code","                try {","                    /*jslint evil: true*/","                    eval(document.querySelector('#inputTextareaEval1').value);","                } catch (errorCaught) {","                    console.error(errorCaught);","                }","            }","        };","        // log stderr and stdout to #outputTextareaStdout1","        ['error', 'log'].forEach(function (key) {","            console[key + '_original'] = console[key];","            console[key] = function () {","                var element;","                console[key + '_original'].apply(console, arguments);","                element = document.querySelector('#outputTextareaStdout1');","                if (!element) {","                    return;","                }","                // append text to #outputTextareaStdout1","                element.value += Array.from(arguments).map(function (arg) {","                    return typeof arg === 'string'","                        ? arg","                        : JSON.stringify(arg, null, 4);","                }).join(' ') + '\\n';","                // scroll textarea to bottom","                element.scrollTop = element.scrollHeight;","            };","        });","        // init event-handling","        ['change', 'click', 'keyup'].forEach(function (event) {","            Array.from(document.querySelectorAll('.on' + event)).forEach(function (element) {","                element.addEventListener(event, local.testRunBrowser);","            });","        });","        // run tests","        local.testRunBrowser();","        break;","","","","    // run node js-env code - init-after","    /* istanbul ignore next */","    case 'node':","        // export local","        module.exports = local;","        // require modules","        local.fs = require('fs');","        local.http = require('http');","        local.url = require('url');","        // init assets","        local.assetsDict = local.assetsDict || {};","        /* jslint-ignore-begin */","        local.assetsDict['/assets.index.template.html'] = '\\","<!doctype html>\\n\\","<html lang=\"en\">\\n\\","<head>\\n\\","<meta charset=\"UTF-8\">\\n\\","<meta name=\"viewport\" content=\"width=device-width, initial-scale=1\">\\n\\","<title>{{env.npm_package_name}} (v{{env.npm_package_version}})</title>\\n\\","<style>\\n\\","/*csslint\\n\\","    box-sizing: false,\\n\\","    universal-selector: false\\n\\","*/\\n\\","* {\\n\\","    box-sizing: border-box;\\n\\","}\\n\\","body {\\n\\","    background: #dde;\\n\\","    font-family: Arial, Helvetica, sans-serif;\\n\\","    margin: 2rem;\\n\\","}\\n\\","body > * {\\n\\","    margin-bottom: 1rem;\\n\\","}\\n\\",".utility2FooterDiv {\\n\\","    margin-top: 20px;\\n\\","    text-align: center;\\n\\","}\\n\\","</style>\\n\\","<style>\\n\\","/*csslint\\n\\","*/\\n\\","textarea {\\n\\","    font-family: monospace;\\n\\","    height: 10rem;\\n\\","    width: 100%;\\n\\","}\\n\\","textarea[readonly] {\\n\\","    background: #ddd;\\n\\","}\\n\\","</style>\\n\\","</head>\\n\\","<body>\\n\\","<!-- utility2-comment\\n\\","<div id=\"ajaxProgressDiv1\" style=\"background: #d00; height: 2px; left: 0; margin: 0; padding: 0; position: fixed; top: 0; transition: background 0.5s, width 1.5s; width: 25%;\"></div>\\n\\","utility2-comment -->\\n\\","<h1>\\n\\","<!-- utility2-comment\\n\\","    <a\\n\\","        {{#if env.npm_package_homepage}}\\n\\","        href=\"{{env.npm_package_homepage}}\"\\n\\","        {{/if env.npm_package_homepage}}\\n\\","        target=\"_blank\"\\n\\","    >\\n\\","utility2-comment -->\\n\\","        {{env.npm_package_name}} (v{{env.npm_package_version}})\\n\\","<!-- utility2-comment\\n\\","    </a>\\n\\","utility2-comment -->\\n\\","</h1>\\n\\","<h3>{{env.npm_package_description}}</h3>\\n\\","<!-- utility2-comment\\n\\","<h4><a download href=\"assets.app.js\">download standalone app</a></h4>\\n\\","<button class=\"onclick onreset\" id=\"testRunButton1\">run internal test</button><br>\\n\\","<div id=\"testReportDiv1\" style=\"display: none;\"></div>\\n\\","utility2-comment -->\\n\\","\\n\\","\\n\\","\\n\\","<label>stderr and stdout</label>\\n\\","<textarea class=\"resettable\" id=\"outputTextareaStdout1\" readonly></textarea>\\n\\","<!-- utility2-comment\\n\\","{{#if isRollup}}\\n\\","<script src=\"assets.app.js\"></script>\\n\\","{{#unless isRollup}}\\n\\","utility2-comment -->\\n\\","<script src=\"assets.utility2.rollup.js\"></script>\\n\\","<script src=\"jsonp.utility2._stateInit?callback=window.utility2._stateInit\"></script>\\n\\","<script src=\"assets.npmtest_portfinder.rollup.js\"></script>\\n\\","<script src=\"assets.example.js\"></script>\\n\\","<script src=\"assets.test.js\"></script>\\n\\","<!-- utility2-comment\\n\\","{{/if isRollup}}\\n\\","utility2-comment -->\\n\\","<div class=\"utility2FooterDiv\">\\n\\","    [ this app was created with\\n\\","    <a href=\"https://github.com/kaizhu256/node-utility2\" target=\"_blank\">utility2</a>\\n\\","    ]\\n\\","</div>\\n\\","</body>\\n\\","</html>\\n\\","';","        /* jslint-ignore-end */","        if (local.templateRender) {","            local.assetsDict['/'] = local.templateRender(","                local.assetsDict['/assets.index.template.html'],","                {","                    env: local.objectSetDefault(local.env, {","                        npm_package_description: 'the greatest app in the world!',","                        npm_package_name: 'my-app',","                        npm_package_nameAlias: 'my_app',","                        npm_package_version: '0.0.1'","                    })","                }","            );","        } else {","            local.assetsDict['/'] = local.assetsDict['/assets.index.template.html']","                .replace((/\\{\\{env\\.(\\w+?)\\}\\}/g), function (match0, match1) {","                    // jslint-hack","                    String(match0);","                    switch (match1) {","                    case 'npm_package_description':","                        return 'the greatest app in the world!';","                    case 'npm_package_name':","                        return 'my-app';","                    case 'npm_package_nameAlias':","                        return 'my_app';","                    case 'npm_package_version':","                        return '0.0.1';","                    }","                });","        }","        // run the cli","        if (local.global.utility2_rollup || module !== require.main) {","            break;","        }","        local.assetsDict['/assets.example.js'] =","            local.assetsDict['/assets.example.js'] ||","            local.fs.readFileSync(__filename, 'utf8');","        // bug-workaround - long $npm_package_buildCustomOrg","        /* jslint-ignore-begin */","        local.assetsDict['/assets.npmtest_portfinder.rollup.js'] =","            local.assetsDict['/assets.npmtest_portfinder.rollup.js'] ||","            local.fs.readFileSync(","                local.npmtest_portfinder.__dirname + '/lib.npmtest_portfinder.js',","                'utf8'","            ).replace((/^#!/), '//');","        /* jslint-ignore-end */","        local.assetsDict['/favicon.ico'] = local.assetsDict['/favicon.ico'] || '';","        // if $npm_config_timeout_exit exists,","        // then exit this process after $npm_config_timeout_exit ms","        if (Number(process.env.npm_config_timeout_exit)) {","            setTimeout(process.exit, Number(process.env.npm_config_timeout_exit));","        }","        // start server","        if (local.global.utility2_serverHttp1) {","            break;","        }","        process.env.PORT = process.env.PORT || '8081';","        console.error('server starting on port ' + process.env.PORT);","        local.http.createServer(function (request, response) {","            request.urlParsed = local.url.parse(request.url);","            if (local.assetsDict[request.urlParsed.pathname] !== undefined) {","                response.end(local.assetsDict[request.urlParsed.pathname]);","                return;","            }","            response.statusCode = 404;","            response.end();","        }).listen(process.env.PORT);","        break;","    }","}());",""],"l":{"26":2,"28":2,"33":2,"35":2,"37":2,"38":2,"39":2,"44":1,"51":2,"55":2,"59":2,"61":2,"69":1,"70":2,"76":2,"79":2,"82":2,"83":2,"85":1,"89":2,"92":1,"93":1,"94":1,"96":1,"97":1,"100":1,"101":1,"103":1,"106":1,"108":2,"114":1,"116":1,"118":1,"123":1,"124":2,"125":2,"126":3,"127":3,"128":3,"129":3,"130":1,"133":3,"134":3,"139":3,"143":1,"144":3,"145":1,"149":1,"150":1,"158":1,"160":1,"161":1,"162":1,"164":1,"166":1,"258":1,"259":1,"271":1,"274":6,"275":6,"277":1,"279":2,"281":1,"283":2,"288":1,"289":1,"291":1,"296":1,"303":1,"306":1,"307":1,"310":1,"311":1,"313":1,"314":1,"315":1,"316":1,"317":1,"318":1,"319":1,"321":1,"322":1,"324":1}},"/home/travis/build/npmtest/node-npmtest-portfinder/node_modules/portfinder/lib/portfinder.js":{"path":"/home/travis/build/npmtest/node-npmtest-portfinder/node_modules/portfinder/lib/portfinder.js","s":{"1":1,"2":1,"3":1,"4":1,"5":0,"6":0,"7":0,"8":0,"9":0,"10":0,"11":0,"12":1,"13":0,"14":0,"15":0,"16":0,"17":1,"18":0,"19":0,"20":0,"21":0,"22":0,"23":0,"24":0,"25":0,"26":1,"27":1,"28":1,"29":0,"30":0,"31":0,"32":0,"33":0,"34":0,"35":0,"36":0,"37":0,"38":0,"39":0,"40":0,"41":0,"42":0,"43":0,"44":0,"45":0,"46":0,"47":0,"48":0,"49":0,"50":0,"51":0,"52":0,"53":0,"54":0,"55":0,"56":0,"57":0,"58":0,"59":0,"60":0,"61":0,"62":0,"63":0,"64":0,"65":0,"66":0,"67":1,"68":0,"69":0,"70":0,"71":0,"72":0,"73":0,"74":0,"75":0,"76":0,"77":1,"78":0,"79":0,"80":0,"81":0,"82":0,"83":0,"84":0,"85":0,"86":0,"87":0,"88":0,"89":0,"90":1,"91":0,"92":0,"93":0,"94":0,"95":0,"96":1,"97":0,"98":0,"99":0,"100":0,"101":0,"102":0,"103":0,"104":1,"105":0,"106":0,"107":0,"108":0,"109":0,"110":1,"111":0,"112":0,"113":0,"114":0,"115":0,"116":0,"117":0,"118":1,"119":0,"120":1,"121":0,"122":0,"123":0,"124":0,"125":0,"126":1,"127":1,"128":1,"129":1,"130":0,"131":0,"132":1,"133":1,"134":2,"135":2,"136":2,"137":2,"138":1,"139":1},"b":{"1":[0,0],"2":[0,0],"3":[0,0],"4":[0,0],"5":[0,0],"6":[0,0],"7":[0,0],"8":[0,0],"9":[0,0],"10":[0,0],"11":[0,0],"12":[0,0],"13":[0,0],"14":[0,0],"15":[0,0],"16":[0,0],"17":[0,0],"18":[0,0],"19":[0,0],"20":[0,0],"21":[0,0],"22":[0,0],"23":[0,0],"24":[0,0],"25":[0,0],"26":[0,0],"27":[0,0],"28":[0,0],"29":[0,0],"30":[0,0],"31":[0,0],"32":[0,0],"33":[0,0]},"f":{"1":0,"2":0,"3":0,"4":0,"5":0,"6":0,"7":0,"8":0,"9":0,"10":0,"11":0,"12":0,"13":0,"14":0,"15":0,"16":0,"17":0,"18":0,"19":0,"20":0,"21":0,"22":0,"23":0,"24":0,"25":1},"fnMap":{"1":{"name":"(anonymous_1)","line":24,"loc":{"start":{"line":24,"column":21},"end":{"line":24,"column":49}}},"2":{"name":"(anonymous_2)","line":32,"loc":{"start":{"line":32,"column":54},"end":{"line":32,"column":66}}},"3":{"name":"onListen","line":40,"loc":{"start":{"line":40,"column":2},"end":{"line":40,"column":23}}},"4":{"name":"onError","line":48,"loc":{"start":{"line":48,"column":2},"end":{"line":48,"column":25}}},"5":{"name":"(anonymous_5)","line":87,"loc":{"start":{"line":87,"column":18},"end":{"line":87,"column":47}}},"6":{"name":"(anonymous_6)","line":110,"loc":{"start":{"line":110,"column":49},"end":{"line":110,"column":70}}},"7":{"name":"(anonymous_7)","line":113,"loc":{"start":{"line":113,"column":66},"end":{"line":113,"column":86}}},"8":{"name":"(anonymous_8)","line":125,"loc":{"start":{"line":125,"column":5},"end":{"line":125,"column":19}}},"9":{"name":"(anonymous_9)","line":152,"loc":{"start":{"line":152,"column":19},"end":{"line":152,"column":34}}},"10":{"name":"(anonymous_10)","line":174,"loc":{"start":{"line":174,"column":25},"end":{"line":174,"column":44}}},"11":{"name":"(anonymous_11)","line":182,"loc":{"start":{"line":182,"column":21},"end":{"line":182,"column":47}}},"12":{"name":"(anonymous_12)","line":183,"loc":{"start":{"line":183,"column":29},"end":{"line":183,"column":49}}},"13":{"name":"(anonymous_13)","line":199,"loc":{"start":{"line":199,"column":19},"end":{"line":199,"column":55}}},"14":{"name":"(anonymous_14)","line":206,"loc":{"start":{"line":206,"column":27},"end":{"line":206,"column":58}}},"15":{"name":"(anonymous_15)","line":211,"loc":{"start":{"line":211,"column":29},"end":{"line":211,"column":50}}},"16":{"name":"(anonymous_16)","line":229,"loc":{"start":{"line":229,"column":20},"end":{"line":229,"column":49}}},"17":{"name":"testSocket","line":241,"loc":{"start":{"line":241,"column":2},"end":{"line":241,"column":25}}},"18":{"name":"(anonymous_18)","line":242,"loc":{"start":{"line":242,"column":26},"end":{"line":242,"column":41}}},"19":{"name":"createAndTestSocket","line":270,"loc":{"start":{"line":270,"column":2},"end":{"line":270,"column":37}}},"20":{"name":"(anonymous_20)","line":271,"loc":{"start":{"line":271,"column":29},"end":{"line":271,"column":44}}},"21":{"name":"checkAndTestSocket","line":287,"loc":{"start":{"line":287,"column":2},"end":{"line":287,"column":33}}},"22":{"name":"(anonymous_22)","line":290,"loc":{"start":{"line":290,"column":17},"end":{"line":290,"column":39}}},"23":{"name":"(anonymous_23)","line":316,"loc":{"start":{"line":316,"column":19},"end":{"line":316,"column":35}}},"24":{"name":"(anonymous_24)","line":326,"loc":{"start":{"line":326,"column":21},"end":{"line":326,"column":43}}},"25":{"name":"(anonymous_25)","line":417,"loc":{"start":{"line":417,"column":25},"end":{"line":417,"column":36}}}},"statementMap":{"1":{"start":{"line":10,"column":0},"end":{"line":16,"column":38}},"2":{"start":{"line":18,"column":0},"end":{"line":20,"column":57}},"3":{"start":{"line":22,"column":0},"end":{"line":22,"column":19}},"4":{"start":{"line":24,"column":0},"end":{"line":67,"column":2}},"5":{"start":{"line":25,"column":2},"end":{"line":28,"column":3}},"6":{"start":{"line":26,"column":4},"end":{"line":26,"column":23}},"7":{"start":{"line":27,"column":4},"end":{"line":27,"column":17}},"8":{"start":{"line":30,"column":2},"end":{"line":30,"column":54}},"9":{"start":{"line":31,"column":2},"end":{"line":31,"column":42}},"10":{"start":{"line":32,"column":2},"end":{"line":36,"column":5}},"11":{"start":{"line":38,"column":2},"end":{"line":38,"column":82}},"12":{"start":{"line":40,"column":2},"end":{"line":46,"column":3}},"13":{"start":{"line":41,"column":4},"end":{"line":41,"column":80}},"14":{"start":{"line":43,"column":8},"end":{"line":43,"column":56}},"15":{"start":{"line":44,"column":8},"end":{"line":44,"column":31}},"16":{"start":{"line":45,"column":6},"end":{"line":45,"column":35}},"17":{"start":{"line":48,"column":2},"end":{"line":62,"column":3}},"18":{"start":{"line":49,"column":4},"end":{"line":49,"column":111}},"19":{"start":{"line":51,"column":4},"end":{"line":51,"column":57}},"20":{"start":{"line":53,"column":4},"end":{"line":55,"column":5}},"21":{"start":{"line":54,"column":6},"end":{"line":54,"column":27}},"22":{"start":{"line":57,"column":4},"end":{"line":61,"column":17}},"23":{"start":{"line":64,"column":2},"end":{"line":64,"column":40}},"24":{"start":{"line":65,"column":2},"end":{"line":65,"column":45}},"25":{"start":{"line":66,"column":2},"end":{"line":66,"column":52}},"26":{"start":{"line":73,"column":0},"end":{"line":73,"column":24}},"27":{"start":{"line":79,"column":0},"end":{"line":79,"column":36}},"28":{"start":{"line":87,"column":0},"end":{"line":167,"column":2}},"29":{"start":{"line":88,"column":2},"end":{"line":91,"column":3}},"30":{"start":{"line":89,"column":4},"end":{"line":89,"column":23}},"31":{"start":{"line":90,"column":4},"end":{"line":90,"column":17}},"32":{"start":{"line":93,"column":2},"end":{"line":107,"column":3}},"33":{"start":{"line":95,"column":4},"end":{"line":95,"column":25}},"34":{"start":{"line":96,"column":4},"end":{"line":101,"column":5}},"35":{"start":{"line":97,"column":6},"end":{"line":100,"column":7}},"36":{"start":{"line":98,"column":8},"end":{"line":98,"column":32}},"37":{"start":{"line":99,"column":8},"end":{"line":99,"column":14}},"38":{"start":{"line":103,"column":4},"end":{"line":105,"column":5}},"39":{"start":{"line":104,"column":6},"end":{"line":104,"column":47}},"40":{"start":{"line":109,"column":2},"end":{"line":109,"column":34}},"41":{"start":{"line":110,"column":2},"end":{"line":166,"column":5}},"42":{"start":{"line":111,"column":4},"end":{"line":111,"column":70}},"43":{"start":{"line":113,"column":4},"end":{"line":124,"column":7}},"44":{"start":{"line":114,"column":6},"end":{"line":123,"column":7}},"45":{"start":{"line":115,"column":8},"end":{"line":115,"column":105}},"46":{"start":{"line":116,"column":8},"end":{"line":116,"column":27}},"47":{"start":{"line":117,"column":8},"end":{"line":117,"column":25}},"48":{"start":{"line":119,"column":8},"end":{"line":120,"column":53}},"49":{"start":{"line":121,"column":8},"end":{"line":121,"column":29}},"50":{"start":{"line":122,"column":8},"end":{"line":122,"column":22}},"51":{"start":{"line":127,"column":4},"end":{"line":149,"column":5}},"52":{"start":{"line":128,"column":6},"end":{"line":128,"column":67}},"53":{"start":{"line":131,"column":6},"end":{"line":148,"column":7}},"54":{"start":{"line":132,"column":8},"end":{"line":140,"column":9}},"55":{"start":{"line":138,"column":10},"end":{"line":138,"column":129}},"56":{"start":{"line":139,"column":10},"end":{"line":139,"column":38}},"57":{"start":{"line":142,"column":8},"end":{"line":142,"column":61}},"58":{"start":{"line":143,"column":8},"end":{"line":143,"column":45}},"59":{"start":{"line":144,"column":8},"end":{"line":144,"column":50}},"60":{"start":{"line":147,"column":8},"end":{"line":147,"column":29}},"61":{"start":{"line":152,"column":4},"end":{"line":154,"column":7}},"62":{"start":{"line":153,"column":6},"end":{"line":153,"column":19}},"63":{"start":{"line":156,"column":4},"end":{"line":156,"column":77}},"64":{"start":{"line":158,"column":4},"end":{"line":164,"column":5}},"65":{"start":{"line":160,"column":6},"end":{"line":160,"column":42}},"66":{"start":{"line":163,"column":6},"end":{"line":163,"column":86}},"67":{"start":{"line":174,"column":0},"end":{"line":190,"column":1}},"68":{"start":{"line":175,"column":2},"end":{"line":178,"column":3}},"69":{"start":{"line":176,"column":4},"end":{"line":177,"column":99}},"70":{"start":{"line":179,"column":2},"end":{"line":181,"column":3}},"71":{"start":{"line":180,"column":4},"end":{"line":180,"column":17}},"72":{"start":{"line":182,"column":2},"end":{"line":189,"column":5}},"73":{"start":{"line":183,"column":4},"end":{"line":188,"column":7}},"74":{"start":{"line":184,"column":6},"end":{"line":186,"column":7}},"75":{"start":{"line":185,"column":8},"end":{"line":185,"column":27}},"76":{"start":{"line":187,"column":6},"end":{"line":187,"column":20}},"77":{"start":{"line":199,"column":0},"end":{"line":220,"column":2}},"78":{"start":{"line":200,"column":2},"end":{"line":203,"column":3}},"79":{"start":{"line":201,"column":4},"end":{"line":201,"column":23}},"80":{"start":{"line":202,"column":4},"end":{"line":202,"column":17}},"81":{"start":{"line":205,"column":2},"end":{"line":205,"column":22}},"82":{"start":{"line":206,"column":2},"end":{"line":219,"column":15}},"83":{"start":{"line":207,"column":4},"end":{"line":209,"column":5}},"84":{"start":{"line":208,"column":6},"end":{"line":208,"column":48}},"85":{"start":{"line":211,"column":4},"end":{"line":218,"column":7}},"86":{"start":{"line":212,"column":6},"end":{"line":217,"column":7}},"87":{"start":{"line":213,"column":8},"end":{"line":213,"column":27}},"88":{"start":{"line":215,"column":8},"end":{"line":215,"column":24}},"89":{"start":{"line":216,"column":8},"end":{"line":216,"column":34}},"90":{"start":{"line":229,"column":0},"end":{"line":308,"column":2}},"91":{"start":{"line":230,"column":2},"end":{"line":233,"column":3}},"92":{"start":{"line":231,"column":4},"end":{"line":231,"column":23}},"93":{"start":{"line":232,"column":4},"end":{"line":232,"column":17}},"94":{"start":{"line":235,"column":2},"end":{"line":235,"column":52}},"95":{"start":{"line":236,"column":2},"end":{"line":236,"column":62}},"96":{"start":{"line":241,"column":2},"end":{"line":264,"column":3}},"97":{"start":{"line":242,"column":4},"end":{"line":263,"column":7}},"98":{"start":{"line":247,"column":6},"end":{"line":262,"column":7}},"99":{"start":{"line":248,"column":8},"end":{"line":253,"column":9}},"100":{"start":{"line":249,"column":10},"end":{"line":249,"column":39}},"101":{"start":{"line":252,"column":10},"end":{"line":252,"column":24}},"102":{"start":{"line":260,"column":8},"end":{"line":260,"column":56}},"103":{"start":{"line":261,"column":8},"end":{"line":261,"column":45}},"104":{"start":{"line":270,"column":2},"end":{"line":279,"column":3}},"105":{"start":{"line":271,"column":4},"end":{"line":278,"column":7}},"106":{"start":{"line":272,"column":6},"end":{"line":274,"column":7}},"107":{"start":{"line":273,"column":8},"end":{"line":273,"column":29}},"108":{"start":{"line":276,"column":6},"end":{"line":276,"column":28}},"109":{"start":{"line":277,"column":6},"end":{"line":277,"column":19}},"110":{"start":{"line":287,"column":2},"end":{"line":298,"column":3}},"111":{"start":{"line":288,"column":4},"end":{"line":288,"column":41}},"112":{"start":{"line":290,"column":4},"end":{"line":297,"column":7}},"113":{"start":{"line":291,"column":6},"end":{"line":293,"column":7}},"114":{"start":{"line":292,"column":8},"end":{"line":292,"column":40}},"115":{"start":{"line":295,"column":6},"end":{"line":295,"column":28}},"116":{"start":{"line":296,"column":6},"end":{"line":296,"column":19}},"117":{"start":{"line":305,"column":2},"end":{"line":307,"column":27}},"118":{"start":{"line":316,"column":0},"end":{"line":318,"column":2}},"119":{"start":{"line":317,"column":2},"end":{"line":317,"column":18}},"120":{"start":{"line":326,"column":0},"end":{"line":339,"column":2}},"121":{"start":{"line":327,"column":2},"end":{"line":331,"column":22}},"122":{"start":{"line":333,"column":2},"end":{"line":335,"column":3}},"123":{"start":{"line":334,"column":4},"end":{"line":334,"column":14}},"124":{"start":{"line":337,"column":2},"end":{"line":337,"column":13}},"125":{"start":{"line":338,"column":2},"end":{"line":338,"column":48}},"126":{"start":{"line":417,"column":0},"end":{"line":454,"column":5}},"127":{"start":{"line":418,"column":2},"end":{"line":418,"column":22}},"128":{"start":{"line":419,"column":2},"end":{"line":438,"column":3}},"129":{"start":{"line":420,"column":4},"end":{"line":420,"column":40}},"130":{"start":{"line":432,"column":4},"end":{"line":437,"column":5}},"131":{"start":{"line":436,"column":6},"end":{"line":436,"column":14}},"132":{"start":{"line":440,"column":2},"end":{"line":442,"column":41}},"133":{"start":{"line":443,"column":2},"end":{"line":449,"column":3}},"134":{"start":{"line":444,"column":4},"end":{"line":444,"column":51}},"135":{"start":{"line":445,"column":4},"end":{"line":448,"column":5}},"136":{"start":{"line":446,"column":6},"end":{"line":446,"column":31}},"137":{"start":{"line":447,"column":6},"end":{"line":447,"column":33}},"138":{"start":{"line":451,"column":2},"end":{"line":451,"column":61}},"139":{"start":{"line":453,"column":2},"end":{"line":453,"column":17}}},"branchMap":{"1":{"line":25,"type":"if","locations":[{"start":{"line":25,"column":2},"end":{"line":25,"column":2}},{"start":{"line":25,"column":2},"end":{"line":25,"column":2}}]},"2":{"line":30,"type":"binary-expr","locations":[{"start":{"line":30,"column":19},"end":{"line":30,"column":31}},{"start":{"line":30,"column":37},"end":{"line":30,"column":53}}]},"3":{"line":31,"type":"binary-expr","locations":[{"start":{"line":31,"column":19},"end":{"line":31,"column":31}},{"start":{"line":31,"column":37},"end":{"line":31,"column":41}}]},"4":{"line":32,"type":"binary-expr","locations":[{"start":{"line":32,"column":19},"end":{"line":32,"column":33}},{"start":{"line":32,"column":37},"end":{"line":36,"column":4}}]},"5":{"line":53,"type":"if","locations":[{"start":{"line":53,"column":4},"end":{"line":53,"column":4}},{"start":{"line":53,"column":4},"end":{"line":53,"column":4}}]},"6":{"line":53,"type":"binary-expr","locations":[{"start":{"line":53,"column":8},"end":{"line":53,"column":33}},{"start":{"line":53,"column":37},"end":{"line":53,"column":58}}]},"7":{"line":88,"type":"if","locations":[{"start":{"line":88,"column":2},"end":{"line":88,"column":2}},{"start":{"line":88,"column":2},"end":{"line":88,"column":2}}]},"8":{"line":93,"type":"if","locations":[{"start":{"line":93,"column":2},"end":{"line":93,"column":2}},{"start":{"line":93,"column":2},"end":{"line":93,"column":2}}]},"9":{"line":97,"type":"if","locations":[{"start":{"line":97,"column":6},"end":{"line":97,"column":6}},{"start":{"line":97,"column":6},"end":{"line":97,"column":6}}]},"10":{"line":103,"type":"if","locations":[{"start":{"line":103,"column":4},"end":{"line":103,"column":4}},{"start":{"line":103,"column":4},"end":{"line":103,"column":4}}]},"11":{"line":114,"type":"if","locations":[{"start":{"line":114,"column":6},"end":{"line":114,"column":6}},{"start":{"line":114,"column":6},"end":{"line":114,"column":6}}]},"12":{"line":127,"type":"if","locations":[{"start":{"line":127,"column":4},"end":{"line":127,"column":4}},{"start":{"line":127,"column":4},"end":{"line":127,"column":4}}]},"13":{"line":131,"type":"if","locations":[{"start":{"line":131,"column":6},"end":{"line":131,"column":6}},{"start":{"line":131,"column":6},"end":{"line":131,"column":6}}]},"14":{"line":131,"type":"binary-expr","locations":[{"start":{"line":131,"column":10},"end":{"line":131,"column":38}},{"start":{"line":131,"column":42},"end":{"line":131,"column":63}}]},"15":{"line":132,"type":"if","locations":[{"start":{"line":132,"column":8},"end":{"line":132,"column":8}},{"start":{"line":132,"column":8},"end":{"line":132,"column":8}}]},"16":{"line":158,"type":"if","locations":[{"start":{"line":158,"column":4},"end":{"line":158,"column":4}},{"start":{"line":158,"column":4},"end":{"line":158,"column":4}}]},"17":{"line":175,"type":"if","locations":[{"start":{"line":175,"column":2},"end":{"line":175,"column":2}},{"start":{"line":175,"column":2},"end":{"line":175,"column":2}}]},"18":{"line":179,"type":"if","locations":[{"start":{"line":179,"column":2},"end":{"line":179,"column":2}},{"start":{"line":179,"column":2},"end":{"line":179,"column":2}}]},"19":{"line":184,"type":"if","locations":[{"start":{"line":184,"column":6},"end":{"line":184,"column":6}},{"start":{"line":184,"column":6},"end":{"line":184,"column":6}}]},"20":{"line":200,"type":"if","locations":[{"start":{"line":200,"column":2},"end":{"line":200,"column":2}},{"start":{"line":200,"column":2},"end":{"line":200,"column":2}}]},"21":{"line":207,"type":"if","locations":[{"start":{"line":207,"column":4},"end":{"line":207,"column":4}},{"start":{"line":207,"column":4},"end":{"line":207,"column":4}}]},"22":{"line":212,"type":"if","locations":[{"start":{"line":212,"column":6},"end":{"line":212,"column":6}},{"start":{"line":212,"column":6},"end":{"line":212,"column":6}}]},"23":{"line":230,"type":"if","locations":[{"start":{"line":230,"column":2},"end":{"line":230,"column":2}},{"start":{"line":230,"column":2},"end":{"line":230,"column":2}}]},"24":{"line":235,"type":"binary-expr","locations":[{"start":{"line":235,"column":17},"end":{"line":235,"column":28}},{"start":{"line":235,"column":35},"end":{"line":235,"column":51}}]},"25":{"line":236,"type":"binary-expr","locations":[{"start":{"line":236,"column":17},"end":{"line":236,"column":29}},{"start":{"line":236,"column":35},"end":{"line":236,"column":61}}]},"26":{"line":247,"type":"if","locations":[{"start":{"line":247,"column":6},"end":{"line":247,"column":6}},{"start":{"line":247,"column":6},"end":{"line":247,"column":6}}]},"27":{"line":248,"type":"if","locations":[{"start":{"line":248,"column":8},"end":{"line":248,"column":8}},{"start":{"line":248,"column":8},"end":{"line":248,"column":8}}]},"28":{"line":272,"type":"if","locations":[{"start":{"line":272,"column":6},"end":{"line":272,"column":6}},{"start":{"line":272,"column":6},"end":{"line":272,"column":6}}]},"29":{"line":291,"type":"if","locations":[{"start":{"line":291,"column":6},"end":{"line":291,"column":6}},{"start":{"line":291,"column":6},"end":{"line":291,"column":6}}]},"30":{"line":291,"type":"binary-expr","locations":[{"start":{"line":291,"column":10},"end":{"line":291,"column":13}},{"start":{"line":291,"column":17},"end":{"line":291,"column":37}}]},"31":{"line":305,"type":"cond-expr","locations":[{"start":{"line":306,"column":6},"end":{"line":306,"column":18}},{"start":{"line":307,"column":6},"end":{"line":307,"column":26}}]},"32":{"line":333,"type":"if","locations":[{"start":{"line":333,"column":2},"end":{"line":333,"column":2}},{"start":{"line":333,"column":2},"end":{"line":333,"column":2}}]},"33":{"line":432,"type":"if","locations":[{"start":{"line":432,"column":4},"end":{"line":432,"column":4}},{"start":{"line":432,"column":4},"end":{"line":432,"column":4}}]}},"code":["/*"," * portfinder.js: A simple tool to find an open port on the current machine."," *"," * (C) 2011, Charlie Robbins"," *"," */","","\"use strict\";","","var fs = require('fs'),","    os = require('os'),","    net = require('net'),","    path = require('path'),","    async = require('async'),","    debug = require('debug'),","    mkdirp = require('mkdirp').mkdirp;","","var debugTestPort = debug('portfinder:testPort'),","    debugGetPort = debug('portfinder:getPort'),","    debugDefaultHosts = debug('portfinder:defaultHosts');","","var internals = {};","","internals.testPort = function(options, callback) {","  if (!callback) {","    callback = options;","    options = {};","  }","","  options.port   = options.port   || exports.basePort;","  options.host   = options.host   || null;","  options.server = options.server || net.createServer(function () {","    //","    // Create an empty listener for the port testing server.","    //","  });","","  debugTestPort(\"entered testPort(): trying\", options.host, \"port\", options.port);","","  function onListen () {","    debugTestPort(\"done w/ testPort(): OK\", options.host, \"port\", options.port);","","        options.server.removeListener('error', onError);","        options.server.close();","      callback(null, options.port);","  }","","  function onError (err) {","    debugTestPort(\"done w/ testPort(): failed\", options.host, \"w/ port\", options.port, \"with error\", err.code);","","    options.server.removeListener('listening', onListen);","","    if (err.code !== 'EADDRINUSE' && err.code !== 'EACCES') {","      return callback(err);","    }","","    internals.testPort({","      port: exports.nextPort(options.port),","      host: options.host,","      server: options.server","    }, callback);","  }","","  options.server.once('error', onError);","  options.server.once('listening', onListen);","  options.server.listen(options.port, options.host);","};","","//","// ### @basePort {Number}","// The lowest port to begin any port search from","//","exports.basePort = 8000;","","//","// ### @basePath {string}","// Default path to begin any socket search from","//","exports.basePath = '/tmp/portfinder'","","//","// ### function getPort (options, callback)","// #### @options {Object} Settings to use when finding the necessary port","// #### @callback {function} Continuation to respond to when complete.","// Responds with a unbound port on the current machine.","//","exports.getPort = function (options, callback) {","  if (!callback) {","    callback = options;","    options = {};","  }","","  if (options.host) {","","    var hasUserGivenHost;","    for (var i = 0; i < exports._defaultHosts.length; i++) {","      if (exports._defaultHosts[i] === options.host) {","        hasUserGivenHost = true;","        break;","      }","    }","","    if (!hasUserGivenHost) {","      exports._defaultHosts.push(options.host);","    }","","  }","","  var openPorts = [], currentHost;","  return async.eachSeries(exports._defaultHosts, function(host, next) {","    debugGetPort(\"in eachSeries() iteration callback: host is\", host);","","    return internals.testPort({ host: host, port: options.port }, function(err, port) {","      if (err) {","        debugGetPort(\"in eachSeries() iteration callback testPort() callback\", \"with an err:\", err.code);","        currentHost = host;","        return next(err);","      } else {","        debugGetPort(\"in eachSeries() iteration callback testPort() callback\",","                    \"with a success for port\", port);","        openPorts.push(port);","        return next();","      }","    });","  }, function(err) {","","    if (err) {","      debugGetPort(\"in eachSeries() result callback: err is\", err);","      // If we get EADDRNOTAVAIL it means the host is not bindable, so remove it","      // from exports._defaultHosts and start over. For ubuntu, we use EINVAL for the same","      if (err.code === 'EADDRNOTAVAIL' || err.code === 'EINVAL') {","        if (options.host === currentHost) {","          // if bad address matches host given by user, tell them","          //","          // NOTE: We may need to one day handle `my-non-existent-host.local` if users","          // report frustration with passing in hostnames that DONT map to bindable","          // hosts, without showing them a good error.","          var msg = 'Provided host ' + options.host + ' could NOT be bound. Please provide a different host address or hostname';","          return callback(Error(msg));","        }","","        var idx = exports._defaultHosts.indexOf(currentHost);","        exports._defaultHosts.splice(idx, 1);","        return exports.getPort(options, callback);","      } else {","        // error is not accounted for, file ticket, handle special case","        return callback(err);","      }","    }","","    // sort so we can compare first host to last host","    openPorts.sort(function(a, b) {","      return a - b;","    });","","    debugGetPort(\"in eachSeries() result callback: openPorts is\", openPorts);","","    if (openPorts[0] === openPorts[openPorts.length-1]) {","      // if first === last, we found an open port","      return callback(null, openPorts[0]);","    } else {","      // otherwise, try again, using sorted port, aka, highest open for >= 1 host","      return exports.getPort({ port: openPorts.pop(), host: options.host }, callback);","    }","","  });","};","","//","// ### function getPortPromise (options)","// #### @options {Object} Settings to use when finding the necessary port","// Responds a promise to an unbound port on the current machine.","//","exports.getPortPromise = function (options) {","  if (typeof Promise !== 'function') {","    throw Error('Native promise support is not available in this version of node.' +","      'Please install a polyfill and assign Promise to global.Promise before calling this method');","  }","  if (!options) {","    options = {};","  }","  return new Promise(function(resolve, reject) {","    exports.getPort(options, function(err, port) {","      if (err) {","        return reject(err);","      }","      resolve(port);","    });","  });","}","","//","// ### function getPorts (count, options, callback)","// #### @count {Number} The number of ports to find","// #### @options {Object} Settings to use when finding the necessary port","// #### @callback {function} Continuation to respond to when complete.","// Responds with an array of unbound ports on the current machine.","//","exports.getPorts = function (count, options, callback) {","  if (!callback) {","    callback = options;","    options = {};","  }","","  var lastPort = null;","  async.timesSeries(count, function(index, asyncCallback) {","    if (lastPort) {","      options.port = exports.nextPort(lastPort);","    }","","    exports.getPort(options, function (err, port) {","      if (err) {","        asyncCallback(err);","      } else {","        lastPort = port;","        asyncCallback(null, port);","      }","    });","  }, callback);","};","","//","// ### function getSocket (options, callback)","// #### @options {Object} Settings to use when finding the necessary port","// #### @callback {function} Continuation to respond to when complete.","// Responds with a unbound socket using the specified directory and base","// name on the current machine.","//","exports.getSocket = function (options, callback) {","  if (!callback) {","    callback = options;","    options = {};","  }","","  options.mod  = options.mod    || parseInt(755, 8);","  options.path = options.path   || exports.basePath + '.sock';","","  //","  // Tests the specified socket","  //","  function testSocket () {","    fs.stat(options.path, function (err) {","      //","      // If file we're checking doesn't exist (thus, stating it emits ENOENT),","      // we should be OK with listening on this socket.","      //","      if (err) {","        if (err.code == 'ENOENT') {","          callback(null, options.path);","        }","        else {","          callback(err);","        }","      }","      else {","        //","        // This file exists, so it isn't possible to listen on it. Lets try","        // next socket.","        //","        options.path = exports.nextSocket(options.path);","        exports.getSocket(options, callback);","      }","    });","  }","","  //","  // Create the target `dir` then test connection","  // against the socket.","  //","  function createAndTestSocket (dir) {","    mkdirp(dir, options.mod, function (err) {","      if (err) {","        return callback(err);","      }","","      options.exists = true;","      testSocket();","    });","  }","","  //","  // Check if the parent directory of the target","  // socket path exists. If it does, test connection","  // against the socket. Otherwise, create the directory","  // then test connection.","  //","  function checkAndTestSocket () {","    var dir = path.dirname(options.path);","","    fs.stat(dir, function (err, stats) {","      if (err || !stats.isDirectory()) {","        return createAndTestSocket(dir);","      }","","      options.exists = true;","      testSocket();","    });","  }","","  //","  // If it has been explicitly stated that the","  // target `options.path` already exists, then","  // simply test the socket.","  //","  return options.exists","    ? testSocket()","    : checkAndTestSocket();","};","","//","// ### function nextPort (port)","// #### @port {Number} Port to increment from.","// Gets the next port in sequence from the","// specified `port`.","//","exports.nextPort = function (port) {","  return port + 1;","};","","//","// ### function nextSocket (socketPath)","// #### @socketPath {string} Path to increment from","// Gets the next socket path in sequence from the","// specified `socketPath`.","//","exports.nextSocket = function (socketPath) {","  var dir = path.dirname(socketPath),","      name = path.basename(socketPath, '.sock'),","      match = name.match(/^([a-zA-z]+)(\\d*)$/i),","      index = parseInt(match[2]),","      base = match[1];","","  if (isNaN(index)) {","    index = 0;","  }","","  index += 1;","  return path.join(dir, base + index + '.sock');","};","","/**"," * @desc List of internal hostnames provided by your machine. A user"," *       provided hostname may also be provided when calling portfinder.getPort,"," *       which would then be added to the default hosts we lookup and return here."," *"," * @return {array}"," *"," * Long Form Explantion:"," *"," *    - Input: (os.networkInterfaces() w/ MacOS 10.11.5+ and running a VM)"," *"," *        { lo0:"," *         [ { address: '::1',"," *             netmask: 'ffff:ffff:ffff:ffff:ffff:ffff:ffff:ffff',"," *             family: 'IPv6',"," *             mac: '00:00:00:00:00:00',"," *             scopeid: 0,"," *             internal: true },"," *           { address: '127.0.0.1',"," *             netmask: '255.0.0.0',"," *             family: 'IPv4',"," *             mac: '00:00:00:00:00:00',"," *             internal: true },"," *           { address: 'fe80::1',"," *             netmask: 'ffff:ffff:ffff:ffff::',"," *             family: 'IPv6',"," *             mac: '00:00:00:00:00:00',"," *             scopeid: 1,"," *             internal: true } ],"," *        en0:"," *         [ { address: 'fe80::a299:9bff:fe17:766d',"," *             netmask: 'ffff:ffff:ffff:ffff::',"," *             family: 'IPv6',"," *             mac: 'a0:99:9b:17:76:6d',"," *             scopeid: 4,"," *             internal: false },"," *           { address: '10.0.1.22',"," *             netmask: '255.255.255.0',"," *             family: 'IPv4',"," *             mac: 'a0:99:9b:17:76:6d',"," *             internal: false } ],"," *        awdl0:"," *         [ { address: 'fe80::48a8:37ff:fe34:aaef',"," *             netmask: 'ffff:ffff:ffff:ffff::',"," *             family: 'IPv6',"," *             mac: '4a:a8:37:34:aa:ef',"," *             scopeid: 8,"," *             internal: false } ],"," *        vnic0:"," *         [ { address: '10.211.55.2',"," *             netmask: '255.255.255.0',"," *             family: 'IPv4',"," *             mac: '00:1c:42:00:00:08',"," *             internal: false } ],"," *        vnic1:"," *         [ { address: '10.37.129.2',"," *             netmask: '255.255.255.0',"," *             family: 'IPv4',"," *             mac: '00:1c:42:00:00:09',"," *             internal: false } ] }"," *"," *    - Output:"," *"," *         ["," *          '0.0.0.0',"," *          '::1',"," *          '127.0.0.1',"," *          'fe80::1',"," *          '10.0.1.22',"," *          'fe80::48a8:37ff:fe34:aaef',"," *          '10.211.55.2',"," *          '10.37.129.2'"," *         ]"," *"," *     Note we export this so we can use it in our tests, otherwise this API is private"," */","exports._defaultHosts = (function() {","  var interfaces = {};","  try{","    interfaces = os.networkInterfaces();","  }","  catch(e) {","    // As of October 2016, Windows Subsystem for Linux (WSL) does not support","    // the os.networkInterfaces() call and throws instead. For this platform,","    // assume 0.0.0.0 as the only address","    //","    // - https://github.com/Microsoft/BashOnWindows/issues/468","    //","    // - Workaround is a mix of good work from the community:","    //   - https://github.com/indexzero/node-portfinder/commit/8d7e30a648ff5034186551fa8a6652669dec2f2f","    //   - https://github.com/yarnpkg/yarn/pull/772/files","    if (e.syscall === 'uv_interface_addresses') {","      // swallow error because we're just going to use defaults","      // documented @ https://github.com/nodejs/node/blob/4b65a65e75f48ff447cabd5500ce115fb5ad4c57/doc/api/net.md#L231","    } else {","      throw e;","    }","  }","","  var interfaceNames = Object.keys(interfaces),","      hiddenButImportantHost = '0.0.0.0', // !important - dont remove, hence the naming :)","      results = [hiddenButImportantHost];","  for (var i = 0; i < interfaceNames.length; i++) {","    var _interface = interfaces[interfaceNames[i]];","    for (var j = 0; j < _interface.length; j++) {","      var curr = _interface[j];","      results.push(curr.address);","    }","  }","","  debugDefaultHosts(\"exports._defaultHosts is: %o\", results);","","  return results;","}());",""],"l":{"10":1,"18":1,"22":1,"24":1,"25":0,"26":0,"27":0,"30":0,"31":0,"32":0,"38":0,"40":1,"41":0,"43":0,"44":0,"45":0,"48":1,"49":0,"51":0,"53":0,"54":0,"57":0,"64":0,"65":0,"66":0,"73":1,"79":1,"87":1,"88":0,"89":0,"90":0,"93":0,"95":0,"96":0,"97":0,"98":0,"99":0,"103":0,"104":0,"109":0,"110":0,"111":0,"113":0,"114":0,"115":0,"116":0,"117":0,"119":0,"121":0,"122":0,"127":0,"128":0,"131":0,"132":0,"138":0,"139":0,"142":0,"143":0,"144":0,"147":0,"152":0,"153":0,"156":0,"158":0,"160":0,"163":0,"174":1,"175":0,"176":0,"179":0,"180":0,"182":0,"183":0,"184":0,"185":0,"187":0,"199":1,"200":0,"201":0,"202":0,"205":0,"206":0,"207":0,"208":0,"211":0,"212":0,"213":0,"215":0,"216":0,"229":1,"230":0,"231":0,"232":0,"235":0,"236":0,"241":1,"242":0,"247":0,"248":0,"249":0,"252":0,"260":0,"261":0,"270":1,"271":0,"272":0,"273":0,"276":0,"277":0,"287":1,"288":0,"290":0,"291":0,"292":0,"295":0,"296":0,"305":0,"316":1,"317":0,"326":1,"327":0,"333":0,"334":0,"337":0,"338":0,"417":1,"418":1,"419":1,"420":1,"432":0,"436":0,"440":1,"443":1,"444":2,"445":2,"446":2,"447":2,"451":1,"453":1}}}